
> credcore@0.1.0 start
> PORT=3000 react-scripts start

(node:80958) [DEP0176] DeprecationWarning: fs.F_OK is deprecated, use fs.constants.F_OK instead
(Use `node --trace-deprecation ...` to show where the warning was created)
(node:80958) [DEP_WEBPACK_DEV_SERVER_ON_AFTER_SETUP_MIDDLEWARE] DeprecationWarning: 'onAfterSetupMiddleware' option is deprecated. Please use the 'setupMiddlewares' option.
(node:80958) [DEP_WEBPACK_DEV_SERVER_ON_BEFORE_SETUP_MIDDLEWARE] DeprecationWarning: 'onBeforeSetupMiddleware' option is deprecated. Please use the 'setupMiddlewares' option.
Starting the development server...

Compiled with warnings.

[eslint] 
src/Contact.js
  Line 2:10:  'Link' is defined but never used           no-unused-vars
  Line 4:8:   'CrediCoreLogo' is defined but never used  no-unused-vars

src/Dashboard.js
  Line 3:8:   'CrediCoreLogo' is defined but never used  no-unused-vars
  Line 4:10:  'Link' is defined but never used           no-unused-vars

src/HospitalValidation.js
  Line 9:10:   'scannedText' is assigned a value but never used  no-unused-vars
  Line 83:24:  'provider' is assigned a value but never used     no-unused-vars

src/components/DataViewer.js
  Line 19:6:  React Hook useEffect has a missing dependency: 'fetchData'. Either include it or remove the dependency array  react-hooks/exhaustive-deps

src/components/HospitalMap.js
  Line 84:6:   React Hook useEffect has missing dependencies: 'center' and 'zoom'. Either include them or remove the dependency array  react-hooks/exhaustive-deps
  Line 191:6:  React Hook useEffect has a missing dependency: 'center'. Either include it or remove the dependency array               react-hooks/exhaustive-deps

src/home.js
  Line 5:8:  'Navbar' is defined but never used  no-unused-vars

src/services/hospitalValidationService.js
  Line 8:13:  'rawData' is assigned a value but never used  no-unused-vars

Search for the keywords to learn more about each warning.
To ignore, add // eslint-disable-next-line to the line before.

WARNING in [eslint] 
src/Contact.js
  Line 2:10:  'Link' is defined but never used           no-unused-vars
  Line 4:8:   'CrediCoreLogo' is defined but never used  no-unused-vars

src/Dashboard.js
  Line 3:8:   'CrediCoreLogo' is defined but never used  no-unused-vars
  Line 4:10:  'Link' is defined but never used           no-unused-vars

src/HospitalValidation.js
  Line 9:10:   'scannedText' is assigned a value but never used  no-unused-vars
  Line 83:24:  'provider' is assigned a value but never used     no-unused-vars

src/components/DataViewer.js
  Line 19:6:  React Hook useEffect has a missing dependency: 'fetchData'. Either include it or remove the dependency array  react-hooks/exhaustive-deps

src/components/HospitalMap.js
  Line 84:6:   React Hook useEffect has missing dependencies: 'center' and 'zoom'. Either include them or remove the dependency array  react-hooks/exhaustive-deps
  Line 191:6:  React Hook useEffect has a missing dependency: 'center'. Either include it or remove the dependency array               react-hooks/exhaustive-deps

src/home.js
  Line 5:8:  'Navbar' is defined but never used  no-unused-vars

src/services/hospitalValidationService.js
  Line 8:13:  'rawData' is assigned a value but never used  no-unused-vars

webpack compiled with 1 warning
The build failed because the process exited too early. This probably means the system ran out of memory or someone called `kill -9` on the process.
